<?xml version="1.0" encoding="UTF-8"?>
<!-- Generated by org.testng.reporters.JUnitReportReporter -->
<testsuite skipped="1" hostname="DESKTOP-NQVH91B" name="com.selenium.WebService.AssuredRestClient" tests="2" failures="0" timestamp="27 Nov 2017 02:22:41 GMT" time="2.620" errors="0">
  <testcase name="soap" time="2.620" classname="com.selenium.WebService.AssuredRestClient"/>
  <testcase name="rest" classname="com.selenium.WebService.AssuredRestClient">
    <skipped/>
  </testcase> <!-- rest -->
</testsuite> <!-- com.selenium.WebService.AssuredRestClient -->
