<?xml version="1.0" encoding="UTF-8"?>
<!-- Generated by org.testng.reporters.JUnitReportReporter -->
<testsuite skipped="1" hostname="DESKTOP-NQVH91B" name="com.selenium.WebService.RestAssuredClass" tests="2" failures="0" timestamp="28 Nov 2017 17:02:44 GMT" time="3.196" errors="0">
  <testcase name="soap" time="3.196" classname="com.selenium.WebService.RestAssuredClass"/>
  <testcase name="rest" classname="com.selenium.WebService.RestAssuredClass">
    <skipped/>
  </testcase> <!-- rest -->
</testsuite> <!-- com.selenium.WebService.RestAssuredClass -->
