<?xml version="1.0" encoding="UTF-8"?>
<!-- Generated by org.testng.reporters.JUnitReportReporter -->
<testsuite skipped="1" hostname="DESKTOP-NQVH91B" name="com.selenium.WebService.AssuredRestClient" tests="2" failures="0" timestamp="29 Nov 2017 04:01:55 GMT" time="3.712" errors="0">
  <testcase name="rest" time="3.712" classname="com.selenium.WebService.AssuredRestClient"/>
  <testcase name="soap" classname="com.selenium.WebService.AssuredRestClient">
    <skipped/>
  </testcase> <!-- soap -->
</testsuite> <!-- com.selenium.WebService.AssuredRestClient -->
